jozibear/build/outputs/logs/manifest-merger-release-report.txt
-- Merging decision tree log ---
manifest
ADDED from src\main\AndroidManifest.xml:2:1-152:12
	package
		ADDED from src\main\AndroidManifest.xml:3:5-34
		INJECTED from src\main\AndroidManifest.xml
		INJECTED from src\main\AndroidManifest.xml
	android:versionName
		ADDED from src\main\AndroidManifest.xml:5:5-30
		INJECTED from src\main\AndroidManifest.xml
		INJECTED from src\main\AndroidManifest.xml
	android:versionCode
		ADDED from src\main\AndroidManifest.xml:4:5-28
		INJECTED from src\main\AndroidManifest.xml
		INJECTED from src\main\AndroidManifest.xml
	xmlns:android
		ADDED from src\main\AndroidManifest.xml:2:11-69
uses-permission#android.permission.INTERNET
ADDED from src\main\AndroidManifest.xml:7:5-67
	android:name
		ADDED from src\main\AndroidManifest.xml:7:22-64
uses-permission#android.permission.ACCESS_NETWORK_STATE
ADDED from src\main\AndroidManifest.xml:8:5-79
	android:name
		ADDED from src\main\AndroidManifest.xml:8:22-76
uses-permission#android.permission.WRITE_EXTERNAL_STORAGE
ADDED from src\main\AndroidManifest.xml:9:5-81
	android:name
		ADDED from src\main\AndroidManifest.xml:9:22-78
uses-permission#android.permission.ACCESS_WIFI_STATE
ADDED from src\main\AndroidManifest.xml:10:5-76
	android:name
		ADDED from src\main\AndroidManifest.xml:10:22-73
uses-permission#android.permission.ACCESS_COARSE_LOCATION
ADDED from src\main\AndroidManifest.xml:11:5-81
	android:name
		ADDED from src\main\AndroidManifest.xml:11:22-78
uses-permission#android.permission.ACCESS_FINE_LOCATION
ADDED from src\main\AndroidManifest.xml:12:5-79
	android:name
		ADDED from src\main\AndroidManifest.xml:12:22-76
uses-permission#android.permission.WAKE_LOCK
ADDED from src\main\AndroidManifest.xml:13:5-68
	android:name
		ADDED from src\main\AndroidManifest.xml:13:22-65
uses-permission#android.permission.CALL_PHONE
ADDED from src\main\AndroidManifest.xml:14:5-69
	android:name
		ADDED from src\main\AndroidManifest.xml:14:22-66
uses-permission#android.permission.VIBRATE
ADDED from src\main\AndroidManifest.xml:15:5-66
	android:name
		ADDED from src\main\AndroidManifest.xml:15:22-63
uses-permission#android.permission.GET_ACCOUNTS
ADDED from src\main\AndroidManifest.xml:16:5-71
	android:name
		ADDED from src\main\AndroidManifest.xml:16:22-68
uses-permission#android.permission.CAMERA
ADDED from src\main\AndroidManifest.xml:17:5-65
	android:name
		ADDED from src\main\AndroidManifest.xml:17:22-62
uses-permission#android.permission.USE_CREDENTIALS
ADDED from src\main\AndroidManifest.xml:18:5-74
	android:name
		ADDED from src\main\AndroidManifest.xml:18:22-71
uses-permission#com.google.android.providers.gsf.permission.READ_GSERVICES
ADDED from src\main\AndroidManifest.xml:19:5-98
	android:name
		ADDED from src\main\AndroidManifest.xml:19:22-95
uses-permission#android.permission.CALL_PRIVILEGED
ADDED from src\main\AndroidManifest.xml:20:5-74
	android:name
		ADDED from src\main\AndroidManifest.xml:20:22-71
uses-permission#com.jozibear247_cab.permission.C2D_MESSAGE
ADDED from src\main\AndroidManifest.xml:21:5-82
	android:name
		ADDED from src\main\AndroidManifest.xml:21:22-79
uses-permission#com.google.android.c2dm.permission.RECEIVE
ADDED from src\main\AndroidManifest.xml:22:5-82
	android:name
		ADDED from src\main\AndroidManifest.xml:22:22-79
uses-permission#android.permission.READ_PHONE_STATE
ADDED from src\main\AndroidManifest.xml:23:5-75
	android:name
		ADDED from src\main\AndroidManifest.xml:23:22-72
uses-permission#android.permission.READ_CONTACTS
ADDED from src\main\AndroidManifest.xml:24:5-72
	android:name
		ADDED from src\main\AndroidManifest.xml:24:22-69
permission#com.jozibear247_cab.permission.C2D_MESSAGE
ADDED from src\main\AndroidManifest.xml:26:5-28:47
	android:protectionLevel
		ADDED from src\main\AndroidManifest.xml:28:9-44
	android:name
		ADDED from src\main\AndroidManifest.xml:27:9-66
uses-sdk
ADDED from src\main\AndroidManifest.xml:30:5-32:41
MERGED from [Jozibear:androidswitchbackport:unspecified] AndroidManifest.xml:31:5-33:41
MERGED from [Jozibear:circularImageView_Client:unspecified] AndroidManifest.xml:7:5-9:41
MERGED from [Jozibear:devsmartAndroid:unspecified] AndroidManifest.xml:7:5-9:40
MERGED from [com.android.support:support-v4:20.0.0] AndroidManifest.xml:16:5-42
MERGED from [Jozibear:facebookSDK:unspecified] AndroidManifest.xml:20:5-22:40
MERGED from [com.android.support:support-v4:20.0.0] AndroidManifest.xml:16:5-42
MERGED from [Jozibear:stripeLibrary:unspecified] AndroidManifest.xml:7:5-9:41
MERGED from [Jozibear:library_pinnlistivew:unspecified] AndroidManifest.xml:7:5-9:41
MERGED from [Jozibear:menudrawer:unspecified] AndroidManifest.xml:7:5-9:41
MERGED from [com.android.support:support-v4:20.0.0] AndroidManifest.xml:16:5-42
MERGED from [com.android.support:appcompat-v7:18.0.0] AndroidManifest.xml:18:5-42
MERGED from [com.android.support:support-v4:20.0.0] AndroidManifest.xml:16:5-42
MERGED from [com.android.support:support-v4:20.0.0] AndroidManifest.xml:16:5-42
MERGED from [com.google.android.gms:play-services:6.1.71] AndroidManifest.xml:15:5-42
MERGED from [com.android.support:support-v4:20.0.0] AndroidManifest.xml:16:5-42
MERGED from [com.android.support:appcompat-v7:18.0.0] AndroidManifest.xml:18:5-42
MERGED from [com.android.support:support-v4:20.0.0] AndroidManifest.xml:16:5-42
	android:targetSdkVersion
		ADDED from src\main\AndroidManifest.xml:32:9-38
		INJECTED from src\main\AndroidManifest.xml
		INJECTED from src\main\AndroidManifest.xml
	android:minSdkVersion
		ADDED from src\main\AndroidManifest.xml:31:9-34
		INJECTED from src\main\AndroidManifest.xml
		INJECTED from src\main\AndroidManifest.xml
uses-feature#0x00020000
ADDED from src\main\AndroidManifest.xml:34:5-36:35
	android:glEsVersion
		ADDED from src\main\AndroidManifest.xml:35:9-41
	android:required
		ADDED from src\main\AndroidManifest.xml:36:9-32
uses-feature#android.hardware.camera
ADDED from src\main\AndroidManifest.xml:37:5-39:36
	android:required
		ADDED from src\main\AndroidManifest.xml:39:9-33
	android:name
		ADDED from src\main\AndroidManifest.xml:38:9-47
uses-feature#android.hardware.camera.autofocus
ADDED from src\main\AndroidManifest.xml:40:5-42:36
	android:required
		ADDED from src\main\AndroidManifest.xml:42:9-33
	android:name
		ADDED from src\main\AndroidManifest.xml:41:9-57
uses-permission#android.permission.READ_EXTERNAL_STORAGE
ADDED from src\main\AndroidManifest.xml:44:5-80
	android:name
		ADDED from src\main\AndroidManifest.xml:44:22-77
application
ADDED from src\main\AndroidManifest.xml:46:5-150:19
MERGED from [Jozibear:androidswitchbackport:unspecified] AndroidManifest.xml:35:5-20
MERGED from [Jozibear:cropLibrary:unspecified] AndroidManifest.xml:5:5-20
MERGED from [com.android.support:support-v4:20.0.0] AndroidManifest.xml:17:5-19
MERGED from [Jozibear:facebookSDK:unspecified] AndroidManifest.xml:24:5-20
MERGED from [com.android.support:support-v4:20.0.0] AndroidManifest.xml:17:5-19
MERGED from [Jozibear:library_pinnlistivew:unspecified] AndroidManifest.xml:11:5-48
MERGED from [com.android.support:support-v4:20.0.0] AndroidManifest.xml:17:5-19
MERGED from [com.android.support:appcompat-v7:18.0.0] AndroidManifest.xml:19:5-20
MERGED from [com.android.support:support-v4:20.0.0] AndroidManifest.xml:17:5-19
MERGED from [com.android.support:support-v4:20.0.0] AndroidManifest.xml:17:5-19
MERGED from [com.google.android.gms:play-services:6.1.71] AndroidManifest.xml:16:5-19
MERGED from [com.android.support:support-v4:20.0.0] AndroidManifest.xml:17:5-19
MERGED from [com.android.support:appcompat-v7:18.0.0] AndroidManifest.xml:19:5-20
MERGED from [com.android.support:support-v4:20.0.0] AndroidManifest.xml:17:5-19
	android:label
		ADDED from src\main\AndroidManifest.xml:48:9-41
	android:icon
		ADDED from src\main\AndroidManifest.xml:47:9-45
	android:largeHeap
		ADDED from src\main\AndroidManifest.xml:49:9-33
	android:allowBackup
		ADDED from [Jozibear:library_pinnlistivew:unspecified] AndroidManifest.xml:11:18-45
	android:theme
		ADDED from src\main\AndroidManifest.xml:50:9-40
meta-data#com.google.android.gms.version
ADDED from src\main\AndroidManifest.xml:51:9-53:69
	android:value
		ADDED from src\main\AndroidManifest.xml:53:13-66
	android:name
		ADDED from src\main\AndroidManifest.xml:52:13-58
meta-data#com.google.android.maps.v2.API_KEY
ADDED from src\main\AndroidManifest.xml:54:9-56:51
	android:value
		ADDED from src\main\AndroidManifest.xml:56:13-48
	android:name
		ADDED from src\main\AndroidManifest.xml:55:13-62
activity#com.jozibear247_cab.RegisterActivity
ADDED from src\main\AndroidManifest.xml:58:9-62:20
	android:screenOrientation
		ADDED from src\main\AndroidManifest.xml:60:13-49
	android:windowSoftInputMode
		ADDED from src\main\AndroidManifest.xml:61:13-64
	android:name
		ADDED from src\main\AndroidManifest.xml:59:13-45
activity#com.soundcloud.android.crop.CropImageActivity
ADDED from src\main\AndroidManifest.xml:63:9-82
	android:name
		ADDED from src\main\AndroidManifest.xml:63:19-79
activity#com.jozibear247_cab.MainDrawerActivity
ADDED from src\main\AndroidManifest.xml:64:9-69:20
	android:screenOrientation
		ADDED from src\main\AndroidManifest.xml:67:13-49
	android:label
		ADDED from src\main\AndroidManifest.xml:66:13-45
	android:windowSoftInputMode
		ADDED from src\main\AndroidManifest.xml:68:13-64
	android:name
		ADDED from src\main\AndroidManifest.xml:65:13-66
activity#com.facebook.LoginActivity
ADDED from src\main\AndroidManifest.xml:70:9-73:75
	android:label
		ADDED from src\main\AndroidManifest.xml:72:13-45
	android:theme
		ADDED from src\main\AndroidManifest.xml:73:13-72
	android:name
		ADDED from src\main\AndroidManifest.xml:71:13-54
meta-data#com.facebook.sdk.ApplicationId
ADDED from src\main\AndroidManifest.xml:75:9-77:53
	android:value
		ADDED from src\main\AndroidManifest.xml:77:13-50
	android:name
		ADDED from src\main\AndroidManifest.xml:76:13-58
activity#io.card.payment.CardIOActivity
ADDED from src\main\AndroidManifest.xml:79:9-81:66
	android:configChanges
		ADDED from src\main\AndroidManifest.xml:81:13-63
	android:name
		ADDED from src\main\AndroidManifest.xml:80:13-58
activity#io.card.payment.DataEntryActivity
ADDED from src\main\AndroidManifest.xml:82:9-84:52
	android:screenOrientation
		ADDED from src\main\AndroidManifest.xml:84:13-49
	android:name
		ADDED from src\main\AndroidManifest.xml:83:13-61
receiver#com.google.android.gcm.GCMBroadcastReceiver
ADDED from src\main\AndroidManifest.xml:86:9-95:20
	android:permission
		ADDED from src\main\AndroidManifest.xml:88:13-73
	android:name
		ADDED from src\main\AndroidManifest.xml:87:13-71
intent-filter#com.google.android.c2dm.intent.RECEIVE+com.google.android.c2dm.intent.REGISTRATION+com.jozibear247_cab
ADDED from src\main\AndroidManifest.xml:89:13-94:29
action#com.google.android.c2dm.intent.RECEIVE
ADDED from src\main\AndroidManifest.xml:90:17-81
	android:name
		ADDED from src\main\AndroidManifest.xml:90:25-78
action#com.google.android.c2dm.intent.REGISTRATION
ADDED from src\main\AndroidManifest.xml:91:17-86
	android:name
		ADDED from src\main\AndroidManifest.xml:91:25-83
category#com.jozibear247_cab
ADDED from src\main\AndroidManifest.xml:93:17-64
	android:name
		ADDED from src\main\AndroidManifest.xml:93:27-61
service#com.jozibear247_cab.GCMIntentService
ADDED from src\main\AndroidManifest.xml:97:9-72
	android:name
		ADDED from src\main\AndroidManifest.xml:97:18-69
activity#com.jozibear247_cab.UberMyThingActivity
ADDED from src\main\AndroidManifest.xml:99:9-102:20
	android:screenOrientation
		ADDED from src\main\AndroidManifest.xml:101:13-49
	android:name
		ADDED from src\main\AndroidManifest.xml:100:13-48
activity#com.jozibear247_cab.UberAddPaymentActivity
ADDED from src\main\AndroidManifest.xml:103:9-106:20
	android:screenOrientation
		ADDED from src\main\AndroidManifest.xml:105:13-49
	android:name
		ADDED from src\main\AndroidManifest.xml:104:13-51
activity#com.jozibear247_cab.ProfileActivity
ADDED from src\main\AndroidManifest.xml:107:9-111:20
	android:screenOrientation
		ADDED from src\main\AndroidManifest.xml:109:13-49
	android:windowSoftInputMode
		ADDED from src\main\AndroidManifest.xml:110:13-64
	android:name
		ADDED from src\main\AndroidManifest.xml:108:13-44
activity#com.jozibear247_cab.MenuDescActivity
ADDED from src\main\AndroidManifest.xml:112:9-115:20
	android:screenOrientation
		ADDED from src\main\AndroidManifest.xml:114:13-49
	android:name
		ADDED from src\main\AndroidManifest.xml:113:13-45
activity#com.jozibear247_cab.UberViewPaymentActivity
ADDED from src\main\AndroidManifest.xml:116:9-119:20
	android:screenOrientation
		ADDED from src\main\AndroidManifest.xml:118:13-49
	android:name
		ADDED from src\main\AndroidManifest.xml:117:13-52
activity#com.jozibear247_cab.paygate_webview
ADDED from src\main\AndroidManifest.xml:120:9-123:20
	android:screenOrientation
		ADDED from src\main\AndroidManifest.xml:122:13-49
	android:name
		ADDED from src\main\AndroidManifest.xml:121:13-44
activity#com.jozibear247_cab.HistoryActivity
ADDED from src\main\AndroidManifest.xml:124:9-127:20
	android:screenOrientation
		ADDED from src\main\AndroidManifest.xml:126:13-49
	android:name
		ADDED from src\main\AndroidManifest.xml:125:13-44
activity#com.jozibear247_cab.ContactListActivity
ADDED from src\main\AndroidManifest.xml:128:9-131:20
	android:screenOrientation
		ADDED from src\main\AndroidManifest.xml:130:13-49
	android:name
		ADDED from src\main\AndroidManifest.xml:129:13-48
activity#com.jozibear247_cab.promotionActivity
ADDED from src\main\AndroidManifest.xml:132:9-135:20
	android:screenOrientation
		ADDED from src\main\AndroidManifest.xml:134:13-49
	android:name
		ADDED from src\main\AndroidManifest.xml:133:13-46
activity#com.jozibear247_cab.MainActivity
ADDED from src\main\AndroidManifest.xml:136:9-145:20
	android:screenOrientation
		ADDED from src\main\AndroidManifest.xml:138:13-49
	android:theme
		ADDED from src\main\AndroidManifest.xml:139:13-66
	android:name
		ADDED from src\main\AndroidManifest.xml:137:13-41
intent-filter#android.intent.action.MAIN+android.intent.category.LAUNCHER
ADDED from src\main\AndroidManifest.xml:140:13-144:29
category#android.intent.category.LAUNCHER
ADDED from src\main\AndroidManifest.xml:141:17-77
	android:name
		ADDED from src\main\AndroidManifest.xml:141:27-74
action#android.intent.action.MAIN
ADDED from src\main\AndroidManifest.xml:143:17-69
	android:name
		ADDED from src\main\AndroidManifest.xml:143:25-66
activity#com.paypal.android.MEP.PayPalActivity
ADDED from src\main\AndroidManifest.xml:146:9-149:75
	android:configChanges
		ADDED from src\main\AndroidManifest.xml:148:13-63
	android:theme
		ADDED from src\main\AndroidManifest.xml:149:13-72
	android:name
		ADDED from src\main\AndroidManifest.xml:147:13-65